0	12:10:32.649	Compiling 'MACD Sample'
0	12:10:32.649	Compiling 'Moving Average'
0	12:10:34.670	Compiling 'Accelerator'
0	12:10:34.670	Compiling 'Accumulation'
0	12:10:34.670	Compiling 'Alligator'
0	12:10:34.670	Compiling 'ATR'
0	12:10:34.670	Compiling 'Awesome'
0	12:10:34.670	Compiling 'Bands'
0	12:10:34.670	Compiling 'Bears'
0	12:10:34.670	Compiling 'Bulls'
0	12:10:34.670	Compiling 'CCI'
0	12:10:34.670	Compiling 'Custom Moving Averages'
0	12:10:34.670	Compiling 'Heiken Ashi'
0	12:10:34.670	Compiling 'Ichimoku'
0	12:10:34.670	Compiling 'iExposure'
0	12:10:34.670	Compiling 'MACD'
0	12:10:34.670	Compiling 'Momentum'
0	12:10:34.670	Compiling 'OsMA'
0	12:10:34.670	Compiling 'Parabolic'
0	12:10:34.670	Compiling 'RSI'
0	12:10:34.670	Compiling 'Stochastic'
0	12:10:34.670	Compiling 'ZigZag'
0	12:10:34.672	Compiling 'SimplePanel'
0	12:10:39.234	Compiling 'PeriodConverter'
0	12:10:39.235	Compiling 'DLLSampleTester'
0	12:10:39.236	Compiling 'PipeClient'
0	12:10:39.236	Compiling 'PipeClientPure'
0	12:10:41.557	Compiling 'stdlib'
