0	12:38:58.016	Compiling 'AC'
0	12:38:58.016	Compiling 'ACC'
0	12:38:58.016	Compiling 'ACEA'
0	12:38:58.018	Compiling 'MACD Sample'
0	12:38:58.018	Compiling 'Moving Average'
0	12:39:00.492	Compiling 'Accelerator'
0	12:39:00.492	Compiling 'Accumulation'
0	12:39:00.492	Compiling 'Alligator'
0	12:39:00.492	Compiling 'ATR'
0	12:39:00.493	Compiling 'Awesome'
0	12:39:00.493	Compiling 'Bands'
0	12:39:00.493	Compiling 'Bears'
0	12:39:00.493	Compiling 'Bulls'
0	12:39:00.493	Compiling 'CCI'
0	12:39:00.493	Compiling 'Custom Moving Averages'
0	12:39:00.493	Compiling 'Heiken Ashi'
0	12:39:00.493	Compiling 'Ichimoku'
0	12:39:00.493	Compiling 'iExposure'
0	12:39:00.493	Compiling 'MACD'
0	12:39:00.493	Compiling 'Momentum'
0	12:39:00.494	Compiling 'OsMA'
0	12:39:00.494	Compiling 'Parabolic'
0	12:39:00.494	Compiling 'RSI'
0	12:39:00.494	Compiling 'Stochastic'
0	12:39:00.494	Compiling 'ZigZag'
0	12:39:00.496	Compiling 'SimplePanel'
0	12:39:05.302	Compiling 'PeriodConverter'
0	12:39:05.302	Compiling 'user'
0	12:39:05.308	Compiling 'DLLSampleTester'
0	12:39:05.309	Compiling 'PipeClient'
0	12:39:05.309	Compiling 'PipeClientPure'
0	12:39:08.034	Compiling 'stdlib'
