2	00:19:34.629	Expert test USDCHF,H1: removed
2	00:19:35.602	Expert test USDCHF,H1: loaded successfully
2	00:20:14.091	Expert test USDCHF,H1: removed
0	01:09:44.280	'68052795': login on SmartEliteTrading-Live through CN Access 6 (ping: 69.38 ms)
0	01:09:48.039	'68052795': login datacenter on SmartEliteTrading-Live through CN Access 6 (ping: 69.38 ms)
0	01:09:49.219	'68052795': previous successful authorization performed from 117.136.85.109
0	01:15:20.915	'68052795': auto connecting to a better access point CN Access 3 (ping is 81.81 ms)
0	01:15:21.436	'68052795': login on SmartEliteTrading-Live through CN Access 3 (ping: 81.81 ms)
0	01:15:25.193	'68052795': login datacenter on SmartEliteTrading-Live through CN Access 3 (ping: 81.81 ms)
0	01:15:25.970	'68052795': previous successful authorization performed from 183.225.65.24
1	01:41:03.916	'68052795': ping failed
0	01:41:04.926	'68052795': login on SmartEliteTrading-Live through CN Access 3 (ping: 81.81 ms)
0	01:41:16.351	'68052795': login datacenter on SmartEliteTrading-Live through CN Access 3 (ping: 81.81 ms)
0	01:41:16.811	'68052795': previous successful authorization performed from 183.225.65.24
1	02:13:45.201	'68052795': ping failed
1	02:13:45.223	'68052795': datacenter connecting failed [6]
0	02:13:49.149	'68052795': login on SmartEliteTrading-Live through CN Access 6 (ping: 83.72 ms)
0	02:13:52.187	'68052795': login datacenter on SmartEliteTrading-Live through CN Access 6 (ping: 83.72 ms)
0	02:13:52.543	'68052795': previous successful authorization performed from 183.225.65.24
1	03:36:25.307	'68052795': ping failed
0	03:36:26.186	'68052795': login on SmartEliteTrading-Live through JP Access 1 (ping: 195.06 ms)
0	03:36:30.667	'68052795': login datacenter on SmartEliteTrading-Live through JP Access 1 (ping: 195.06 ms)
0	03:36:31.154	'68052795': previous successful authorization performed from 183.225.65.24
0	03:41:24.476	'68052795': auto connecting to a better access point CN Access 6 (ping is 77.50 ms)
0	03:41:24.965	'68052795': login on SmartEliteTrading-Live through CN Access 6 (ping: 77.50 ms)
0	03:41:27.703	'68052795': login datacenter on SmartEliteTrading-Live through CN Access 6 (ping: 77.50 ms)
0	03:41:28.307	'68052795': previous successful authorization performed from 183.225.65.24
1	05:10:08.352	'68052795': ping failed
0	05:10:09.723	'68052795': login on SmartEliteTrading-Live through CN Access 3 (ping: 116.30 ms)
0	05:10:12.505	'68052795': login datacenter on SmartEliteTrading-Live through CN Access 3 (ping: 116.30 ms)
0	05:10:13.513	'68052795': previous successful authorization performed from 183.225.65.24
0	05:10:17.626	'68052795': auto connecting to a better access point CN Access 6 (ping is 71.53 ms)
0	05:10:18.202	'68052795': login on SmartEliteTrading-Live through CN Access 6 (ping: 71.53 ms)
0	05:10:19.048	'68052795': login datacenter on SmartEliteTrading-Live through CN Access 6 (ping: 71.53 ms)
0	05:10:19.351	'68052795': previous successful authorization performed from 183.225.65.24
1	05:27:33.808	'68052795': ping failed
1	05:27:33.833	'68052795': datacenter connecting failed [6]
0	05:27:34.496	'68052795': login on SmartEliteTrading-Live through CN Access 1 (ping: 116.50 ms)
0	05:27:35.611	'68052795': login datacenter on SmartEliteTrading-Live through CN Access 1 (ping: 116.50 ms)
0	05:27:35.922	'68052795': previous successful authorization performed from 183.225.65.24
1	05:38:42.600	'68052795': ping failed
1	05:38:42.813	'68052795': datacenter connecting failed [6]
0	05:38:44.175	'68052795': login on SmartEliteTrading-Live through CN Access 3 (ping: 130.87 ms)
0	05:38:49.268	'68052795': login datacenter on SmartEliteTrading-Live through CN Access 3 (ping: 130.87 ms)
0	05:38:49.686	'68052795': previous successful authorization performed from 183.225.65.24
1	07:44:55.317	'68052795': ping failed
0	07:44:56.124	'68052795': login on SmartEliteTrading-Live through JP Access 1 (ping: 167.60 ms)
0	07:44:57.895	'68052795': login datacenter on SmartEliteTrading-Live through JP Access 1 (ping: 167.60 ms)
0	07:44:58.366	'68052795': previous successful authorization performed from 183.225.65.24
0	07:45:09.562	'68052795': auto connecting to a better access point CN Access 6 (ping is 73.15 ms)
0	07:45:10.176	'68052795': login on SmartEliteTrading-Live through CN Access 6 (ping: 73.15 ms)
0	07:45:11.099	'68052795': login datacenter on SmartEliteTrading-Live through CN Access 6 (ping: 73.15 ms)
0	07:45:11.423	'68052795': previous successful authorization performed from 183.225.65.24
1	08:07:47.998	'68052795': ping failed
0	08:07:48.737	'68052795': login on SmartEliteTrading-Live through CN Access 3 (ping: 115.66 ms)
0	08:07:49.983	'68052795': login datacenter on SmartEliteTrading-Live through CN Access 3 (ping: 115.66 ms)
0	08:07:50.333	'68052795': previous successful authorization performed from 183.225.65.24
1	09:50:56.701	'68052795': datacenter connecting failed [6]
0	09:51:07.717	'68052795': login on SmartEliteTrading-Live through CN Access 3 (ping: 115.66 ms)
0	09:51:41.315	'68052795': login datacenter on SmartEliteTrading-Live through CN Access 3 (ping: 115.66 ms)
0	09:51:44.715	'68052795': previous successful authorization performed from 117.136.85.109
0	09:52:09.025	'68052795': auto connecting to a better access point CN Access 6 (ping is 62.52 ms)
0	09:52:09.439	'68052795': login on SmartEliteTrading-Live through CN Access 6 (ping: 62.52 ms)
0	09:52:10.372	'68052795': login datacenter on SmartEliteTrading-Live through CN Access 6 (ping: 62.52 ms)
0	09:52:10.611	'68052795': previous successful authorization performed from 183.225.65.24
2	11:28:36.466	Expert test USDCHF,H1: loaded successfully
2	11:29:19.238	Expert test USDCHF,H1: removed
0	11:31:09.465	Smart Elite Trading MT4 build 1220 started (Smart Elite Trading Limited)
0	11:31:09.467	Microsoft Windows 7 x86, IE 11, 12 x Intel Pentium 4  2.40GHz, Memory: 5644 / 16384 Mb, Disk: 12 / 233 Gb, GMT+8
0	11:31:09.467	Data Folder: C:\users\ycg\桌面\heisekeji\mt\SET MetaTrader 4
0	11:31:09.741	Sources recompilation started
0	11:31:11.646	Sources recompilation finished (1 compiled in 1905 msec)
2	11:31:13.288	Custom indicator KDJ USDCHF,H4: loaded successfully
2	11:31:13.357	Custom indicator KDJ USDCHF,H4: loaded successfully
2	11:31:13.411	Custom indicator KDJ USDJPY,H4: loaded successfully
2	11:31:13.469	Custom indicator KDJ HK50,Daily: loaded successfully
0	11:31:15.236	'68052795': login on SmartEliteTrading-Live through CN Access 6 (ping: 62.52 ms)
0	11:31:16.108	'68052795': login datacenter on SmartEliteTrading-Live through CN Access 6 (ping: 62.52 ms)
0	11:31:16.902	'68052795': previous successful authorization performed from 183.225.65.24
0	11:35:55.384	Smart Elite Trading MT4 build 1220 started (Smart Elite Trading Limited)
0	11:35:55.387	Microsoft Windows 7 x86, IE 11, 12 x Intel Pentium 4  2.40GHz, Memory: 7774 / 16384 Mb, Disk: 21 / 233 Gb, GMT+8
0	11:35:55.387	Data Folder: C:\users\ycg\桌面\heisekeji\mt\SET MetaTrader 4
2	11:35:57.000	Custom indicator KDJ USDCHF,H4: loaded successfully
2	11:35:57.054	Custom indicator KDJ USDCHF,H4: loaded successfully
2	11:35:57.100	Custom indicator KDJ USDJPY,H4: loaded successfully
2	11:35:57.147	Custom indicator KDJ HK50,Daily: loaded successfully
0	11:39:10.053	Smart Elite Trading MT4 build 1220 started (Smart Elite Trading Limited)
0	11:39:10.055	Microsoft Windows 7 x86, IE 11, 12 x Intel Pentium 4  2.40GHz, Memory: 7707 / 16384 Mb, Disk: 19 / 233 Gb, GMT+8
0	11:39:10.055	Data Folder: C:\users\ycg\桌面\heisekeji\mt\SET MetaTrader 4
2	11:39:11.822	Custom indicator KDJ USDCHF,H4: loaded successfully
2	11:39:11.879	Custom indicator KDJ USDCHF,H4: loaded successfully
2	11:39:11.927	Custom indicator KDJ USDJPY,H4: loaded successfully
2	11:39:11.977	Custom indicator KDJ HK50,Daily: loaded successfully
0	11:39:13.659	'68052795': login on SmartEliteTrading-Live through CN Access 6 (ping: 62.52 ms)
0	11:39:14.388	'68052795': login datacenter on SmartEliteTrading-Live through CN Access 6 (ping: 62.52 ms)
0	11:39:14.532	'68052795': previous successful authorization performed from 183.225.65.24
0	11:39:28.401	'68052795': ping to current access point CN Access 6 is 61.18 ms
0	12:25:13.685	Smart Elite Trading MT4 build 1220 started (Smart Elite Trading Limited)
0	12:25:13.687	Microsoft Windows 7 x86, IE 11, 12 x Intel Pentium 4  2.40GHz, Memory: 8715 / 16384 Mb, Disk: 18 / 233 Gb, GMT+8
0	12:25:13.687	Data Folder: C:\users\ycg\桌面\heisekeji\mt\SET MetaTrader 4
2	12:25:15.373	Custom indicator KDJ USDCHF,H4: loaded successfully
2	12:25:15.429	Custom indicator KDJ USDCHF,H4: loaded successfully
2	12:25:15.475	Custom indicator KDJ USDJPY,H4: loaded successfully
2	12:25:15.523	Custom indicator KDJ HK50,Daily: loaded successfully
0	12:38:43.919	Smart Elite Trading MT4 build 1220 started (Smart Elite Trading Limited)
0	12:38:43.922	Microsoft Windows 7 x86, IE 11, 12 x Intel Pentium 4  2.40GHz, Memory: 10867 / 16383 Mb, Disk: 26 / 233 Gb, GMT+8
0	12:38:43.922	Data Folder: C:\users\ycg\桌面\heisekeji\mt\SET MetaTrader 4
2	12:38:45.867	Custom indicator KDJ USDCHF,H4: loaded successfully
2	12:38:45.927	Custom indicator KDJ USDCHF,H4: loaded successfully
2	12:38:45.969	Custom indicator KDJ USDJPY,H4: loaded successfully
2	12:38:46.018	Custom indicator KDJ HK50,Daily: loaded successfully
0	12:38:47.366	'68052795': login on SmartEliteTrading-Live through CN Access 6 (ping: 61.18 ms)
0	12:38:48.423	'68052795': login datacenter on SmartEliteTrading-Live through CN Access 6 (ping: 61.18 ms)
0	12:38:48.660	'68052795': previous successful authorization performed from 183.225.65.24
0	12:39:58.197	Smart Elite Trading MT4 build 1220 started (Smart Elite Trading Limited)
0	12:39:58.198	Microsoft Windows 7 x86, IE 11, 12 x Intel Pentium 4  2.40GHz, Memory: 10696 / 16383 Mb, Disk: 25 / 233 Gb, GMT+8
0	12:39:58.198	Data Folder: C:\users\ycg\桌面\heisekeji\mt\SET MetaTrader 4
2	12:39:59.508	Custom indicator KDJ USDCHF,H4: loaded successfully
2	12:39:59.552	Custom indicator KDJ USDCHF,H4: loaded successfully
2	12:39:59.592	Custom indicator KDJ USDJPY,H4: loaded successfully
2	12:39:59.634	Custom indicator KDJ HK50,Daily: loaded successfully
2	12:40:00.887	Expert test USDCHF,H1: loaded successfully
0	12:40:10.249	'68052795': login on SmartEliteTrading-Live through CN Access 6 (ping: 61.18 ms)
0	12:40:13.552	'68052795': login datacenter on SmartEliteTrading-Live through CN Access 6 (ping: 61.18 ms)
0	12:40:14.799	'68052795': previous successful authorization performed from 183.225.65.24
0	12:40:20.304	'68052795': ping to current access point CN Access 6 is 64.46 ms
2	12:40:32.548	Expert test USDCHF,H1: removed
0	12:41:58.899	Smart Elite Trading MT4 build 1220 started (Smart Elite Trading Limited)
0	12:41:58.900	Microsoft Windows 7 x86, IE 11, 12 x Intel Pentium 4  2.40GHz, Memory: 11102 / 16383 Mb, Disk: 23 / 233 Gb, GMT+8
0	12:41:58.900	Data Folder: C:\users\ycg\桌面\heisekeji\mt\SET MetaTrader 4
2	12:42:00.198	Custom indicator KDJ USDCHF,H4: loaded successfully
2	12:42:00.241	Custom indicator KDJ USDCHF,H4: loaded successfully
2	12:42:00.279	Custom indicator KDJ USDJPY,H4: loaded successfully
2	12:42:00.318	Custom indicator KDJ HK50,Daily: loaded successfully
2	12:42:38.897	Expert test USDCHF,H1: loaded successfully
1	12:43:01.114	'68052795': connect failed [没有连接]
0	12:43:06.638	'68052795': login on SmartEliteTrading-Live through CN Access 3 (ping: 104.30 ms)
0	12:43:07.752	'68052795': login datacenter on SmartEliteTrading-Live through CN Access 3 (ping: 104.30 ms)
0	12:43:07.986	'68052795': previous successful authorization performed from 183.225.65.24
2	12:53:28.531	Expert test USDCHF,H1: removed
1	12:55:19.633	MQL Base: failed connect to server
2	13:38:12.140	Expert test USDCHF,H1: loaded successfully
0	13:38:39.183	Automated trading disabled
0	13:38:50.760	Automated trading enabled
2	13:38:55.192	Expert test HK50,H1: removed
2	13:38:56.549	Expert test USDCHF,H1: loaded successfully
2	13:39:30.824	Expert test USDCHF,H1: removed
0	13:44:45.303	Smart Elite Trading MT4 build 1220 started (Smart Elite Trading Limited)
0	13:44:45.304	Microsoft Windows 7 x86, IE 11, 12 x Intel Pentium 4  2.40GHz, Memory: 9937 / 16383 Mb, Disk: 26 / 233 Gb, GMT+8
0	13:44:45.304	Data Folder: C:\users\ycg\桌面\heisekeji\mt\SET MetaTrader 4
2	13:44:46.616	Custom indicator KDJ USDCHF,H4: loaded successfully
2	13:44:46.660	Custom indicator KDJ USDCHF,H4: loaded successfully
2	13:44:46.699	Custom indicator KDJ USDJPY,H4: loaded successfully
2	13:44:46.741	Custom indicator KDJ HK50,Daily: loaded successfully
0	13:44:51.572	'68052795': login on SmartEliteTrading-Live through CN Access 3 (ping: 104.30 ms)
0	13:44:53.054	'68052795': login datacenter on SmartEliteTrading-Live through CN Access 3 (ping: 104.30 ms)
0	13:44:53.301	'68052795': previous successful authorization performed from 117.136.85.109
0	13:45:01.373	'68052795': auto connecting to a better access point CN Access 6 (ping is 65.00 ms)
0	13:45:01.817	'68052795': login on SmartEliteTrading-Live through CN Access 6 (ping: 65.00 ms)
0	13:45:03.242	'68052795': login datacenter on SmartEliteTrading-Live through CN Access 6 (ping: 65.00 ms)
0	13:45:04.365	'68052795': previous successful authorization performed from 183.225.65.24
0	13:46:49.544	Smart Elite Trading MT4 build 1220 started (Smart Elite Trading Limited)
0	13:46:49.545	Microsoft Windows 7 x86, IE 11, 12 x Intel Pentium 4  2.40GHz, Memory: 9812 / 16383 Mb, Disk: 23 / 233 Gb, GMT+8
0	13:46:49.545	Data Folder: C:\users\ycg\桌面\heisekeji\mt\SET MetaTrader 4
2	13:46:50.871	Custom indicator KDJ USDCHF,H4: loaded successfully
2	13:46:50.923	Custom indicator KDJ USDCHF,H4: loaded successfully
2	13:46:50.967	Custom indicator KDJ USDJPY,H4: loaded successfully
2	13:46:51.011	Custom indicator KDJ HK50,Daily: loaded successfully
2	13:46:52.435	Expert test USDCHF,H1: loaded successfully
0	13:46:56.168	'68052795': login on SmartEliteTrading-Live through CN Access 6 (ping: 65.00 ms)
0	13:47:00.767	'68052795': login datacenter on SmartEliteTrading-Live through CN Access 6 (ping: 65.00 ms)
0	13:47:00.997	'68052795': previous successful authorization performed from 183.225.65.24
2	13:47:41.262	Expert test USDCHF,H1: removed
0	13:57:11.138	Smart Elite Trading MT4 build 1220 started (Smart Elite Trading Limited)
0	13:57:11.140	Microsoft Windows 7 x86, IE 11, 12 x Intel Pentium 4  2.40GHz, Memory: 10072 / 16384 Mb, Disk: 15 / 233 Gb, GMT+8
0	13:57:11.140	Data Folder: C:\users\ycg\桌面\heisekeji\mt\SET MetaTrader 4
2	13:57:12.864	Custom indicator KDJ USDCHF,H4: loaded successfully
2	13:57:12.922	Custom indicator KDJ USDCHF,H4: loaded successfully
2	13:57:12.966	Custom indicator KDJ USDJPY,H4: loaded successfully
2	13:57:13.013	Custom indicator KDJ HK50,Daily: loaded successfully
2	13:57:14.733	Expert test USDCHF,H1: loaded successfully
2	13:57:17.223	Expert test USDCHF,H1: removed
2	13:57:21.099	Custom indicator KDJ HK50,Daily: removed
2	13:57:22.965	Custom indicator KDJ USDJPY,H4: removed
2	13:57:28.537	Custom indicator KDJ USDCHF,H4: removed
2	13:57:30.532	Custom indicator KDJ USDCHF,H4: removed
0	13:57:33.783	'68052795': login on SmartEliteTrading-Live through CN Access 6 (ping: 65.00 ms)
0	13:57:41.495	'68052795': login datacenter on SmartEliteTrading-Live through CN Access 6 (ping: 65.00 ms)
0	13:57:41.649	'68052795': previous successful authorization performed from 183.225.65.24
2	13:57:58.319	Expert test HK50,H1: loaded successfully
1	14:12:31.207	'68052795': datacenter connecting failed [6]
0	14:12:31.571	'68052795': login on SmartEliteTrading-Live through CN Access 6 (ping: 65.00 ms)
0	14:12:32.470	'68052795': login datacenter on SmartEliteTrading-Live through CN Access 6 (ping: 65.00 ms)
0	14:12:32.620	'68052795': previous successful authorization performed from 183.225.65.24
2	14:22:25.358	Expert test HK50,H1: removed
2	14:26:44.017	Expert test HK50,H1: loaded successfully
1	14:35:12.613	'68052795': ping failed
1	14:35:15.647	'68052795': datacenter connecting failed [6]
0	14:35:16.428	'68052795': login on SmartEliteTrading-Live through CN Access 3 (ping: 113.95 ms)
0	14:35:17.975	'68052795': login datacenter on SmartEliteTrading-Live through CN Access 3 (ping: 113.95 ms)
0	14:35:18.194	'68052795': previous successful authorization performed from 117.136.85.109
1	14:37:07.032	MQL5.community: authorization failed
2	14:56:20.978	Expert test HK50,H1: removed
2	14:57:36.733	Expert test HK50,H1: loaded successfully
2	14:57:54.145	Expert test HK50,H1: removed
2	14:57:55.235	Expert test HK50,H1: loaded successfully
0	14:58:48.639	'68052795': login on SmartEliteTrading-Live through CN Access 3 (ping: 113.95 ms)
0	14:58:49.690	'68052795': login datacenter on SmartEliteTrading-Live through CN Access 3 (ping: 113.95 ms)
0	14:58:49.945	'68052795': previous successful authorization performed from 183.225.65.24
0	14:58:53.991	'68052795': auto connecting to a better access point CN Access 6 (ping is 69.07 ms)
0	14:59:18.596	'68052795': login on SmartEliteTrading-Live through CN Access 6 (ping: 69.07 ms)
0	15:00:24.323	'68052795': login on SmartEliteTrading-Live through CN Access 1 (ping: 105.66 ms)
0	15:00:48.133	'68052795': login datacenter on SmartEliteTrading-Live through CN Access 1 (ping: 105.66 ms)
0	15:00:48.776	'68052795': previous successful authorization performed from 183.225.65.24
2	15:15:52.092	Expert test HK50,H1: removed
2	15:16:17.592	Expert test HK50,H1: loaded successfully
2	15:19:22.459	Expert test HK50,H1: removed
2	15:19:44.747	Expert test HK50,H1: loaded successfully
2	15:27:43.296	Expert test HK50,H1: removed
2	15:28:36.417	Expert test HK50,H1: loaded successfully
2	15:28:48.926	Expert test HK50,H1: removed
2	15:28:50.477	Expert test HK50,H1: loaded successfully
2	15:31:45.469	Expert test HK50,H1: removed
2	15:31:46.644	Expert test HK50,H1: loaded successfully
2	15:34:31.036	Expert test HK50,H1: removed
2	15:35:36.795	Expert test HK50,H1: loaded successfully
2	15:42:43.879	Expert test HK50,H1: removed
2	15:42:45.216	Expert test HK50,H1: loaded successfully
2	15:48:06.962	Expert test HK50,H1: removed
2	15:48:09.045	Expert test HK50,H1: loaded successfully
2	16:03:44.019	Expert test HK50,H1: removed
2	16:04:01.574	Expert test HK50,H1: loaded successfully
2	16:14:32.089	Expert test HK50,H1: removed
1	17:14:39.791	'68052795': connect failed [没有连接]
0	17:14:47.667	'68052795': login on SmartEliteTrading-Live through CN Access 3 (ping: 125.32 ms)
0	17:14:55.013	'68052795': login datacenter on SmartEliteTrading-Live through CN Access 3 (ping: 125.32 ms)
0	17:14:55.304	'68052795': previous successful authorization performed from 117.136.85.109
1	17:15:15.363	MQL5.community: authorization failed
0	17:15:40.769	'68052795': auto connecting to a better access point JP Access 1 (ping is n/a)
0	17:16:00.449	'68052795': login on SmartEliteTrading-Live through JP Access 1 (ping: n/a)
0	17:16:34.066	'68052795': ping to current access point JP Access 1 is n/a
0	17:16:38.384	'68052795': login datacenter on SmartEliteTrading-Live through JP Access 1 (ping: n/a)
0	17:16:39.263	'68052795': previous successful authorization performed from 183.225.65.24
1	18:30:59.350	'68052795': ping failed
0	18:31:00.311	'68052795': login datacenter on SmartEliteTrading-Live
0	18:31:03.315	'68052795': login on SmartEliteTrading-Live through CN Access 6 (ping: 68.69 ms)
0	18:31:05.344	'68052795': login datacenter on SmartEliteTrading-Live through CN Access 6 (ping: 68.69 ms)
0	18:31:05.560	'68052795': previous successful authorization performed from 117.136.85.109
0	18:31:15.201	'68052795': ping to current access point CN Access 6 is 74.62 ms
1	18:33:35.560	MQL5.community: authorization failed
2	20:02:59.334	Expert test HK50,H1: loaded successfully
2	20:33:21.175	Expert test HK50,H1: removed
2	20:35:36.938	Expert test HK50,H1: loaded successfully
1	21:02:26.041	'68052795': ping failed
0	21:02:48.858	'68052795': login on SmartEliteTrading-Live through CN Access 1 (ping: 118.60 ms)
0	21:02:50.154	'68052795': login datacenter on SmartEliteTrading-Live through CN Access 1 (ping: 118.60 ms)
0	21:02:50.496	'68052795': previous successful authorization performed from 117.136.85.109
0	21:02:54.665	'68052795': auto connecting to a better access point CN Access 6 (ping is 71.28 ms)
0	21:02:55.066	'68052795': login on SmartEliteTrading-Live through CN Access 6 (ping: 71.28 ms)
0	21:02:56.693	'68052795': login datacenter on SmartEliteTrading-Live through CN Access 6 (ping: 71.28 ms)
0	21:02:56.898	'68052795': previous successful authorization performed from 183.225.65.24
1	23:35:17.686	'68052795': ping failed
1	23:35:39.096	'68052795': connect failed [没有连接]
0	23:35:47.632	'68052795': login on SmartEliteTrading-Live through CN Access 1 (ping: 116.08 ms)
0	23:36:48.113	'68052795': login datacenter on SmartEliteTrading-Live
0	23:36:51.712	'68052795': auto connecting to a better access point CN Access 6 (ping is 70.13 ms)
0	23:36:56.731	'68052795': login on SmartEliteTrading-Live through CN Access 6 (ping: 70.13 ms)
0	23:36:59.633	'68052795': login datacenter on SmartEliteTrading-Live through CN Access 6 (ping: 70.13 ms)
0	23:37:00.803	'68052795': previous successful authorization performed from 183.225.65.24
1	23:37:20.868	MQL5.community: authorization failed
