0	18:22:31.632	Smart Elite Trading MT4 build 1170 started (Smart Elite Trading Limited)
0	18:22:31.634	Microsoft Windows 7 x86, IE 11, 12 x Intel Pentium 4  2.40GHz, Memory: 7121 / 16384 Mb, Disk: 24 / 233 Gb, GMT+8
0	18:22:31.634	Data Folder: C:\users\ycg\桌面\heisekeji\mt\SET MetaTrader 4
2	18:22:33.840	Custom indicator KDJ USDCHF,H4: loaded successfully
2	18:22:33.969	Custom indicator KDJ USDCHF,H4: loaded successfully
2	18:22:34.116	Custom indicator KDJ USDJPY,H4: loaded successfully
2	18:22:34.233	Custom indicator KDJ EURUSD,H4: loaded successfully
1	18:22:57.556	'68052795': connect failed [没有连接]
2	18:31:58.502	Custom indicator KDJ USDCHF,H4: removed
2	18:31:58.509	Custom indicator KDJ USDCHF,H4: removed
2	18:31:58.516	Custom indicator KDJ USDJPY,H4: removed
2	18:31:58.532	Custom indicator KDJ EURUSD,H4: removed
1	18:34:09.832	MQL5.community: authorization failed
0	18:34:09.846	Smart Elite Trading MT4 build 1170 stopped
0	18:39:04.308	Smart Elite Trading MT4 build 1170 started (Smart Elite Trading Limited)
0	18:39:04.310	Microsoft Windows 7 x86, IE 11, 12 x Intel Pentium 4  2.40GHz, Memory: 8125 / 16384 Mb, Disk: 26 / 233 Gb, GMT+8
0	18:39:04.310	Data Folder: C:\users\ycg\桌面\heisekeji\mt\SET MetaTrader 4
0	18:39:04.498	Sources recompilation started
0	18:39:06.232	Sources recompilation finished (2 compiled in 1735 msec)
2	18:39:07.644	Custom indicator KDJ USDCHF,H4: loaded successfully
2	18:39:07.707	Custom indicator KDJ USDCHF,H4: loaded successfully
2	18:39:07.749	Custom indicator KDJ USDJPY,H4: loaded successfully
2	18:39:07.795	Custom indicator KDJ EURUSD,H4: loaded successfully
1	18:39:23.751	'68052795': connect failed [帐户无效]
0	18:40:49.393	'68052795': login on SmartEliteTrading-Live through JP Access 1 (ping: 180.78 ms)
0	18:40:49.707	LiveUpdate: new version 4.00 build 1220 is available
0	18:40:51.370	'68052795': previous successful authorization performed from 117.136.84.188
0	18:40:58.926	'68052795': auto connecting to a better access point CN Access 6 (ping is 108.59 ms)
0	18:40:59.445	'68052795': login on SmartEliteTrading-Live through CN Access 6 (ping: 108.59 ms)
0	18:41:00.689	'68052795': login datacenter on SmartEliteTrading-Live through CN Access 6 (ping: 108.59 ms)
0	18:41:00.950	'68052795': previous successful authorization performed from 117.136.84.188
0	18:41:23.044	LiveUpdate: finished
2	18:45:30.069	Expert test USDCHF,H1: loaded successfully
2	18:45:32.512	Expert test USDCHF,H1: removed
2	18:45:33.028	Custom indicator KDJ USDCHF,H4: removed
2	18:45:33.036	Custom indicator KDJ USDCHF,H4: removed
2	18:45:33.045	Custom indicator KDJ USDJPY,H4: removed
2	18:45:33.063	Custom indicator KDJ HK50,Daily: removed
0	18:45:33.728	Smart Elite Trading MT4 build 1170 stopped
0	18:45:31.189	LiveUpdate: updater - started for portable 'C:\users\ycg\桌面\heisekeji\mt\SET MetaTrader 4'
0	18:45:31.192	LiveUpdate: updater - try to close terminal
0	18:45:34.768	LiveUpdate: updater - files update started
0	18:45:34.787	LiveUpdate: copied from 'C:\users\ycg\Application Data\MetaQuotes\WebInstall\mt4clw\metaeditor.exe' to 'C:\users\ycg\桌面\heisekeji\mt\SET MetaTrader 4\metaeditor.exe'
0	18:45:34.799	LiveUpdate: copied from 'C:\users\ycg\Application Data\MetaQuotes\WebInstall\mt4clw\terminal.exe' to 'C:\users\ycg\桌面\heisekeji\mt\SET MetaTrader 4\terminal.exe'
0	18:45:34.800	LiveUpdate: updater - files update finished
0	18:45:34.800	LiveUpdate: updater - clean obsolete data
0	18:45:34.800	LiveUpdate: updater - start terminal
0	18:45:34.847	LiveUpdate: updater - finished for portable 'C:\users\ycg\桌面\heisekeji\mt\SET MetaTrader 4'
0	18:45:36.539	LiveUpdate: update C:\users\ycg\桌面\heisekeji\mt\SET MetaTrader 4\MQL4 folder started
0	18:45:36.616	LiveUpdate: update C:\users\ycg\桌面\heisekeji\mt\SET MetaTrader 4\MQL4 folder finished
0	18:45:36.654	Smart Elite Trading MT4 build 1220 started (Smart Elite Trading Limited)
0	18:45:36.656	Microsoft Windows 7 x86, IE 11, 12 x Intel Pentium 4  2.40GHz, Memory: 6144 / 16384 Mb, Disk: 20 / 233 Gb, GMT+8
0	18:45:36.656	Data Folder: C:\users\ycg\桌面\heisekeji\mt\SET MetaTrader 4
0	18:45:36.870	Sources recompilation started
0	18:45:46.516	Sources recompilation finished (28 compiled in 9646 msec)
2	18:45:48.069	Custom indicator KDJ USDCHF,H4: loaded successfully
2	18:45:48.130	Custom indicator KDJ USDCHF,H4: loaded successfully
2	18:45:48.180	Custom indicator KDJ USDJPY,H4: loaded successfully
2	18:45:48.240	Custom indicator KDJ HK50,Daily: loaded successfully
0	18:45:49.594	'68052795': login on SmartEliteTrading-Live through CN Access 6 (ping: 108.59 ms)
0	18:45:50.535	'68052795': login datacenter on SmartEliteTrading-Live through CN Access 6 (ping: 108.59 ms)
0	18:45:50.784	'68052795': previous successful authorization performed from 117.136.84.188
2	18:45:58.898	Expert test USDCHF,H1: loaded successfully
2	18:46:46.352	Expert test USDCHF,H1: removed
2	18:52:52.838	Expert test USDCHF,H1: loaded successfully
2	18:55:22.596	Expert test USDCHF,H1: removed
2	18:55:23.987	Expert test USDCHF,H1: loaded successfully
2	18:56:07.015	Expert test USDCHF,H1: removed
2	18:56:08.241	Expert test USDCHF,H1: loaded successfully
2	18:56:23.198	Expert test USDCHF,H1: removed
2	18:56:24.219	Expert test USDCHF,H1: loaded successfully
2	18:58:30.642	Expert test USDCHF,H1: removed
2	18:58:31.583	Expert test USDCHF,H1: loaded successfully
2	18:59:10.044	Expert test USDCHF,H1: removed
2	19:00:04.659	Expert test USDCHF,H1: loaded successfully
2	19:00:48.632	Expert test USDCHF,H1: removed
2	19:00:56.576	Expert test USDCHF,H1: loaded successfully
2	19:01:20.918	Expert test USDCHF,H1: removed
2	19:01:21.997	Expert test USDCHF,H1: loaded successfully
2	19:02:04.725	Expert test USDCHF,H1: removed
2	19:02:06.133	Expert test USDCHF,H1: loaded successfully
1	19:02:50.889	'68052795': ping failed
0	19:02:51.736	'68052795': login on SmartEliteTrading-Live through CN Access 6 (ping: 108.59 ms)
0	19:03:00.063	'68052795': login datacenter on SmartEliteTrading-Live through CN Access 6 (ping: 108.59 ms)
0	19:03:00.388	'68052795': previous successful authorization performed from 117.136.84.188
1	19:06:51.554	'68052795': datacenter connecting failed [6]
0	19:07:04.266	'68052795': login on SmartEliteTrading-Live through CN Access 6 (ping: 108.59 ms)
0	19:08:08.651	'68052795': login datacenter on SmartEliteTrading-Live
0	19:08:29.005	'68052795': ping to current access point CN Access 3 is 203.00 ms
1	19:09:14.962	'68052795': connect failed [一般错误]
0	19:12:39.491	'68052795': login on SmartEliteTrading-Live through JP Access 1 (ping: n/a)
0	19:12:48.129	'68052795': ping to current access point JP Access 1 is 176.55 ms
0	19:12:53.956	'68052795': login datacenter on SmartEliteTrading-Live through JP Access 1 (ping: 176.55 ms)
0	19:12:54.350	'68052795': previous successful authorization performed from 117.136.84.188
1	19:46:14.274	'68052795': ping failed
0	19:46:14.595	'68052795': login datacenter on SmartEliteTrading-Live
0	19:46:15.255	'68052795': login on SmartEliteTrading-Live through CN Access 6 (ping: 58.99 ms)
0	19:46:16.090	'68052795': login datacenter on SmartEliteTrading-Live through CN Access 6 (ping: 58.99 ms)
0	19:46:16.278	'68052795': previous successful authorization performed from 117.136.84.188
1	20:27:35.996	'68052795': datacenter connecting failed [6]
1	20:28:02.700	'68052795': connect failed [没有连接]
0	20:28:17.441	'68052795': login on SmartEliteTrading-Live through JP Access 1 (ping: n/a)
2	20:30:31.847	Expert test HK50,Daily: removed
1	20:31:38.972	'68052795': connect failed [没有连接]
0	20:32:55.269	'68052795': login on SmartEliteTrading-Live through CN Access 6 (ping: n/a)
1	20:34:46.738	'68052795': connect failed [没有连接]
2	21:00:29.362	Expert test XAGUSD,H1: loaded successfully
2	21:07:09.446	Expert test XAGUSD,H1: removed
2	21:07:36.913	Expert test XAGUSD,H1: loaded successfully
2	21:07:49.499	Expert test XAGUSD,H1: removed
2	21:07:50.721	Expert test XAGUSD,H1: loaded successfully
2	21:09:45.189	Expert test XAGUSD,H1: removed
2	21:09:46.353	Expert test XAGUSD,H1: loaded successfully
2	21:11:01.776	Expert test XAGUSD,H1: removed
2	21:11:03.096	Expert test XAGUSD,H1: loaded successfully
2	21:13:02.393	Expert test XAGUSD,H1: removed
2	21:13:03.482	Expert test XAGUSD,H1: loaded successfully
2	21:13:14.312	Expert test XAGUSD,H1: removed
2	21:13:15.384	Expert test XAGUSD,H1: loaded successfully
2	21:13:59.578	Expert test XAGUSD,H1: removed
2	21:14:00.855	Expert test XAGUSD,H1: loaded successfully
2	21:16:24.084	Expert test XAGUSD,H1: removed
2	21:16:25.081	Expert test XAGUSD,H1: loaded successfully
2	21:20:43.704	Expert test XAGUSD,H1: removed
2	21:22:39.047	Expert test XAGUSD,H1: loaded successfully
2	21:23:31.502	Expert test XAGUSD,H1: removed
2	21:23:32.620	Expert test XAGUSD,H1: loaded successfully
2	21:24:15.054	Expert test XAGUSD,H1: removed
2	21:24:16.149	Expert test XAGUSD,H1: loaded successfully
2	21:24:45.796	Expert test XAGUSD,H1: removed
2	21:24:47.512	Expert test XAGUSD,H1: loaded successfully
0	21:33:35.630	'68052795': login on SmartEliteTrading-Live through CN Access 3 (ping: n/a)
0	21:33:37.040	'68052795': login datacenter on SmartEliteTrading-Live through CN Access 3 (ping: n/a)
0	21:33:37.439	'68052795': previous successful authorization performed from 117.136.84.188
0	21:33:44.202	'68052795': auto connecting to a better access point CN Access 6 (ping is 60.20 ms)
0	21:33:44.646	'68052795': login on SmartEliteTrading-Live through CN Access 6 (ping: 60.20 ms)
0	21:33:45.416	'68052795': login datacenter on SmartEliteTrading-Live through CN Access 6 (ping: 60.20 ms)
0	21:33:45.588	'68052795': previous successful authorization performed from 183.225.65.24
1	22:21:55.611	'68052795': connect failed [没有连接]
0	22:25:07.389	'68052795': login on SmartEliteTrading-Live through CN Access 6 (ping: 60.20 ms)
0	22:25:11.268	'68052795': login datacenter on SmartEliteTrading-Live through CN Access 6 (ping: 60.20 ms)
0	22:25:11.503	'68052795': previous successful authorization performed from 117.136.84.188
2	22:33:48.958	Expert test XAGUSD,H1: removed
0	22:37:08.708	'68052795': login datacenter on SmartEliteTrading-Live
0	22:37:13.552	'68052795': login on SmartEliteTrading-Live through JP Access 1 (ping: n/a)
0	22:37:23.729	'68052795': login datacenter on SmartEliteTrading-Live through JP Access 1 (ping: n/a)
0	22:37:24.131	'68052795': previous successful authorization performed from 183.225.65.24
0	22:37:31.614	'68052795': auto connecting to a better access point CN Access 6 (ping is 62.03 ms)
0	22:37:32.124	'68052795': login on SmartEliteTrading-Live through CN Access 6 (ping: 62.03 ms)
0	22:37:32.986	'68052795': login datacenter on SmartEliteTrading-Live through CN Access 6 (ping: 62.03 ms)
0	22:37:33.220	'68052795': previous successful authorization performed from 183.225.65.24
2	23:41:31.233	Custom indicator KDJ HK50,Daily: removed
