2	00:00:43.143	Expert test XAGUSD,H1: loaded successfully
2	00:18:12.603	Expert test XAGUSD,H1: removed
1	02:56:32.246	'68052795': ping failed
1	02:57:01.690	'68052795': connect failed [没有连接]
0	02:57:08.804	'68052795': login on SmartEliteTrading-Live through JP Access 1 (ping: 190.50 ms)
0	02:58:14.539	'68052795': login on SmartEliteTrading-Live through JP Access 1 (ping: 190.50 ms)
0	02:58:21.997	'68052795': login datacenter on SmartEliteTrading-Live through JP Access 1 (ping: 190.50 ms)
0	02:58:23.943	'68052795': previous successful authorization performed from 117.136.84.188
0	02:59:08.948	'68052795': auto connecting to a better access point CN Access 6 (ping is 67.90 ms)
0	02:59:10.188	'68052795': login on SmartEliteTrading-Live through CN Access 6 (ping: 67.90 ms)
0	02:59:13.669	'68052795': login datacenter on SmartEliteTrading-Live through CN Access 6 (ping: 67.90 ms)
0	02:59:14.538	'68052795': previous successful authorization performed from 183.225.65.24
1	03:10:22.537	MQL5.community: authorization failed
1	03:26:40.852	'68052795': ping failed
0	03:27:21.923	'68052795': login on SmartEliteTrading-Live through CN Access 3 (ping: 175.30 ms)
0	03:27:31.930	'68052795': login datacenter on SmartEliteTrading-Live through CN Access 3 (ping: 175.30 ms)
0	03:27:32.782	'68052795': previous successful authorization performed from 183.225.65.24
0	04:13:45.459	'68052795': login on SmartEliteTrading-Live through CN Access 3 (ping: 175.30 ms)
0	04:13:51.674	'68052795': login datacenter on SmartEliteTrading-Live through CN Access 3 (ping: 175.30 ms)
0	04:13:55.279	'68052795': previous successful authorization performed from 183.225.65.24
0	04:14:24.138	'68052795': auto connecting to a better access point CN Access 6 (ping is 88.39 ms)
0	04:14:26.153	'68052795': login on SmartEliteTrading-Live through CN Access 6 (ping: 88.39 ms)
0	04:14:32.765	'68052795': login datacenter on SmartEliteTrading-Live through CN Access 6 (ping: 88.39 ms)
0	04:14:33.819	'68052795': previous successful authorization performed from 183.225.65.24
0	04:49:17.849	'68052795': login on SmartEliteTrading-Live through CN Access 6 (ping: 88.39 ms)
0	05:57:53.515	'68052795': login datacenter on SmartEliteTrading-Live
0	05:58:01.562	'68052795': login on SmartEliteTrading-Live through CN Access 3 (ping: 112.70 ms)
1	05:59:02.349	'68052795': datacenter connecting failed [6]
0	05:59:05.502	'68052795': auto connecting to a better access point CN Access 6 (ping is 69.19 ms)
0	05:59:23.551	'68052795': login on SmartEliteTrading-Live through CN Access 6 (ping: 69.19 ms)
0	06:05:13.503	'68052795': login on SmartEliteTrading-Live through CN Access 3 (ping: 171.50 ms)
0	06:05:17.756	'68052795': login datacenter on SmartEliteTrading-Live through CN Access 3 (ping: 171.50 ms)
0	06:05:18.503	'68052795': previous successful authorization performed from 183.225.65.24
0	06:23:41.222	'68052795': login on SmartEliteTrading-Live through CN Access 3 (ping: 171.50 ms)
0	06:23:51.594	'68052795': login datacenter on SmartEliteTrading-Live through CN Access 3 (ping: 171.50 ms)
0	06:23:52.291	'68052795': previous successful authorization performed from 183.225.65.24
1	07:30:19.951	'68052795': ping failed
0	07:30:20.713	'68052795': login on SmartEliteTrading-Live through CN Access 3 (ping: 171.50 ms)
0	07:30:31.542	'68052795': login datacenter on SmartEliteTrading-Live through CN Access 3 (ping: 171.50 ms)
0	07:30:32.260	'68052795': previous successful authorization performed from 183.225.65.24
0	07:30:44.533	'68052795': auto connecting to a better access point CN Access 6 (ping is 74.18 ms)
0	07:30:45.466	'68052795': login on SmartEliteTrading-Live through CN Access 6 (ping: 74.18 ms)
1	07:35:41.630	'68052795': datacenter connecting failed [6]
0	07:41:32.584	'68052795': login on SmartEliteTrading-Live through CN Access 3 (ping: 172.46 ms)
0	07:41:40.786	'68052795': login datacenter on SmartEliteTrading-Live through CN Access 3 (ping: 172.46 ms)
0	07:41:41.734	'68052795': previous successful authorization performed from 183.225.65.24
1	09:54:11.843	'68052795': connect failed [没有连接]
0	11:04:46.005	'68052795': login on SmartEliteTrading-Live through CN Access 6 (ping: n/a)
0	11:04:47.102	'68052795': login datacenter on SmartEliteTrading-Live through CN Access 6 (ping: n/a)
0	11:04:47.284	'68052795': previous successful authorization performed from 183.225.65.24
0	11:04:49.919	'68052795': ping to current access point CN Access 6 is 61.92 ms
1	11:06:16.223	'68052795': connect failed [没有连接]
0	11:08:58.489	'68052795': login on SmartEliteTrading-Live through CN Access 6 (ping: n/a)
0	11:09:00.438	'68052795': login datacenter on SmartEliteTrading-Live through CN Access 6 (ping: n/a)
0	11:09:00.622	'68052795': previous successful authorization performed from 183.225.65.24
0	11:09:05.021	'68052795': ping to current access point CN Access 6 is 73.38 ms
1	12:38:20.891	'68052795': ping failed
1	12:38:21.966	'68052795': datacenter connecting failed [6]
0	12:38:22.832	'68052795': login on SmartEliteTrading-Live through CN Access 3 (ping: 106.06 ms)
0	12:38:31.535	'68052795': login datacenter on SmartEliteTrading-Live through CN Access 3 (ping: 106.06 ms)
0	12:38:31.830	'68052795': previous successful authorization performed from 183.225.65.24
0	12:38:35.664	'68052795': auto connecting to a better access point CN Access 6 (ping is 66.63 ms)
0	12:38:36.132	'68052795': login on SmartEliteTrading-Live through CN Access 6 (ping: 66.63 ms)
0	12:38:37.212	'68052795': login datacenter on SmartEliteTrading-Live through CN Access 6 (ping: 66.63 ms)
0	12:38:37.443	'68052795': previous successful authorization performed from 183.225.65.24
0	16:07:23.717	'68052795': login on SmartEliteTrading-Live through CN Access 6 (ping: 66.63 ms)
0	16:07:35.572	'68052795': login datacenter on SmartEliteTrading-Live through CN Access 6 (ping: 66.63 ms)
0	16:07:35.789	'68052795': previous successful authorization performed from 183.225.65.24
0	16:07:45.305	'68052795': ping to current access point CN Access 6 is 68.80 ms
2	16:16:28.402	Expert test USDCHF,H1: loaded successfully
2	16:32:31.033	Expert test USDCHF,H1: removed
2	16:32:32.327	Expert test USDCHF,H1: loaded successfully
2	16:37:18.791	Expert test USDCHF,H1: removed
2	16:37:19.785	Expert test USDCHF,H1: loaded successfully
2	16:37:59.085	Expert test USDCHF,H1: removed
2	16:37:59.989	Expert test USDCHF,H1: loaded successfully
2	16:39:35.877	Expert test USDCHF,H1: removed
2	16:39:43.089	Expert test USDCHF,H1: loaded successfully
2	16:45:48.054	Expert test USDCHF,H1: removed
2	16:45:59.424	Expert test USDCHF,H1: loaded successfully
2	16:46:44.912	Expert test USDCHF,H1: removed
2	16:46:45.832	Expert test USDCHF,H1: loaded successfully
2	16:48:33.142	Expert test USDCHF,H1: removed
2	16:48:34.591	Expert test USDCHF,H1: loaded successfully
2	16:49:30.018	Expert test USDCHF,H1: removed
2	16:49:31.508	Expert test USDCHF,H1: loaded successfully
2	16:51:31.661	Expert test USDCHF,H1: removed
2	16:51:32.925	Expert test USDCHF,H1: loaded successfully
0	18:42:42.835	'68052795': login on SmartEliteTrading-Live through CN Access 6 (ping: 68.80 ms)
0	18:42:43.687	'68052795': login datacenter on SmartEliteTrading-Live through CN Access 6 (ping: 68.80 ms)
0	18:42:43.904	'68052795': previous successful authorization performed from 117.136.85.109
0	18:43:39.961	'68052795': ping to current access point CN Access 6 is 69.38 ms
2	19:16:15.578	Expert test USDCHF,H1: removed
2	22:12:18.018	Expert test USDCHF,H1: loaded successfully
2	22:29:58.872	Expert test USDCHF,H1: removed
2	22:29:59.884	Expert test USDCHF,H1: loaded successfully
2	22:32:59.926	Expert test USDCHF,H1: removed
2	22:33:00.942	Expert test USDCHF,H1: loaded successfully
2	22:37:09.459	Expert test USDCHF,H1: removed
2	22:37:10.302	Expert test USDCHF,H1: loaded successfully
2	23:21:47.049	Expert test USDCHF,H1: removed
2	23:25:37.756	Expert test USDCHF,H1: loaded successfully
2	23:26:10.407	Expert test USDCHF,H1: removed
2	23:26:12.652	Expert test USDCHF,H1: loaded successfully
2	23:28:02.221	Expert test USDCHF,H1: removed
2	23:28:03.194	Expert test USDCHF,H1: loaded successfully
2	23:28:42.059	Expert test USDCHF,H1: removed
2	23:28:43.011	Expert test USDCHF,H1: loaded successfully
2	23:29:24.637	Expert test USDCHF,H1: removed
2	23:29:25.600	Expert test USDCHF,H1: loaded successfully
2	23:29:42.921	Expert test USDCHF,H1: removed
2	23:29:43.918	Expert test USDCHF,H1: loaded successfully
2	23:37:22.382	Expert test USDCHF,H1: removed
2	23:37:23.461	Expert test USDCHF,H1: loaded successfully
2	23:41:01.262	Expert test USDCHF,H1: removed
2	23:41:02.333	Expert test USDCHF,H1: loaded successfully
2	23:41:38.441	Expert test USDCHF,H1: removed
2	23:41:39.783	Expert test USDCHF,H1: loaded successfully
2	23:41:52.455	Expert test USDCHF,H1: removed
2	23:41:53.293	Expert test USDCHF,H1: loaded successfully
2	23:47:23.394	Expert test USDCHF,H1: removed
2	23:47:27.030	Expert test USDCHF,H1: loaded successfully
2	23:47:47.195	Expert test USDCHF,H1: removed
2	23:47:48.405	Expert test USDCHF,H1: loaded successfully
2	23:48:11.188	Expert test USDCHF,H1: removed
2	23:48:12.895	Expert test USDCHF,H1: loaded successfully
2	23:48:31.044	Expert test USDCHF,H1: removed
2	23:48:31.867	Expert test USDCHF,H1: loaded successfully
2	23:51:25.193	Expert test USDCHF,H1: removed
2	23:51:26.145	Expert test USDCHF,H1: loaded successfully
2	23:51:46.640	Expert test USDCHF,H1: removed
2	23:51:47.456	Expert test USDCHF,H1: loaded successfully
2	23:52:42.798	Expert test USDCHF,H1: removed
2	23:52:43.689	Expert test USDCHF,H1: loaded successfully
2	23:54:35.253	Expert test USDCHF,H1: removed
2	23:54:36.152	Expert test USDCHF,H1: loaded successfully
0	23:54:48.200	Automated trading enabled
2	23:54:52.464	Expert test USDCHF,H1: removed
2	23:54:53.668	Expert test USDCHF,H1: loaded successfully
